<?xml version="1.0" encoding="UTF-8"?>
<!-- Generated by org.testng.reporters.JUnitReportReporter -->
<testsuite skipped="0" hostname="DESKTOP-UBA4CTI" name="Assignments.NewTest1" tests="1" failures="0" timestamp="2022-04-28T11:04:35 IST" time="19.853" errors="0">
  <testcase name="f123" time="19.853" classname="Assignments.NewTest1"/>
  <system-out/>
</testsuite> <!-- Assignments.NewTest1 -->
